<?xml version="1.0"?>
<component name="org.nuxeo.ecm.csv.core.test.types">

  <extension target="org.nuxeo.ecm.core.schema.TypeService" point="doctype">
    <doctype name="Workspace" append="true">
      <subtypes>
        <type>File</type>
      </subtypes>
    </doctype>
  </extension>

  <extension target="org.nuxeo.ecm.platform.types.TypeService" point="types">
    <type id="Workspace">
      <label>Workspace</label>
    </type>
  </extension>

</component>
